<?xml version="1.0" encoding="UTF-8"?>
<TestRun id="a1f3c2d4-5555-4a01-9b10-0005aaaa0005" name="Beispiellauf Abbruch" xmlns="http://microsoft.com/schemas/VisualStudio/TeamTest/2010">
  <Times creation="2026-09-15T08:22:00.1000000+02:00" queuing="2026-09-15T08:22:00.1000000+02:00" start="2026-09-15T08:22:01.0000000+02:00" />
  <ResultSummary outcome="Failed">
    <Counters total="5" executed="2" passed="2" failed="0" error="0" timeout="0" aborted="0" inconclusive="0" />
  </ResultSummary>
  <TestDefinitions>
    <UnitTest name="Lang_Test_Eins" storage="widgetlib.testcpp.dll" id="00000000-0000-0000-0000-000000000031">
      <Execution id="10000000-0000-0000-0000-000000000031" />
      <TestMethod codeBase="widgetlib.testcpp.dll" className="LangTests" name="Lang_Test_Eins" />
    </UnitTest>
    <UnitTest name="Lang_Test_Zwei" storage="widgetlib.testcpp.dll" id="00000000-0000-0000-0000-000000000032">
      <Execution id="10000000-0000-0000-0000-000000000032" />
      <TestMethod codeBase="widgetlib.testcpp.dll" className="LangTests" name="Lang_Test_Zwei" />
    </UnitTest>
  </TestDefinitions>
  <Results>
    <UnitTestResult executionId="10000000-0000-0000-0000-000000000031" testId="00000000-0000-0000-0000-000000000031" testName="Lang_Test_Eins" computerName="BUILD-01" duration="00:00:01.0142000" startTime="2026-09-15T08:22:01.1000000+02:00" endTime="2026-09-15T08:22:02.1142000+02:00" testType="13cdc9d9-ddb5-4fa4-a97d-d965ccfc6d4b" outcome="Passed" testListId="8c84fa94-04c1-424b-9868-57a2d4851a1d" />
    <UnitTestResult executionId="10000000-0000-0000-0000-000000000032" testId="00000000-0000-0000-0000-000000000032" testName="Lang_Test_Zwei" computerName="BUILD-01" duration="00:00:01.2330000" startTime="2026-09-15T08:22:02.2000000+02:00" endTime="2026-09-15T08:22:03.4
