<?xml version="1.0" encoding="utf-8"?>
<TestRun id="2c88bf2b-b911-46ee-9fe6-3c0ac96ddb8f" name="deppe@CRAZY4 2026-09-19 18:10:21" runUser="CRAZY4\deppe" xmlns="http://microsoft.com/schemas/VisualStudio/TeamTest/2010">
  <Times creation="2026-09-19T18:10:21.9202755+02:00" queuing="2026-09-19T18:10:21.9202755+02:00" start="2026-09-19T18:10:21.5473203+02:00" finish="2026-09-19T18:10:21.9492759+02:00" />
  <TestSettings name="default" id="4a47fe80-8ad8-437a-a570-4cae16723288">
    <Deployment runDeploymentRoot="deppe_CRAZY4_2026-09-19_18_10_21" />
  </TestSettings>
  <Results>
    <UnitTestResult executionId="638364f3-7928-48cf-b13e-49acf3781b2c" testId="37f230e3-29c8-6318-b91e-eb49527af5c4" testName="Test_Multiply_with_Owner" computerName="CRAZY4" testType="13cdc9d9-ddb5-4fa4-a97d-d965ccfc6d4b" outcome="Failed" testListId="8c84fa94-04c1-424b-9868-57a2d4851a1d" relativeResultsDirectory="638364f3-7928-48cf-b13e-49acf3781b2c">
      <Output>
        <ErrorInfo>
          <Message>Failed to set up the execution context to run the test</Message>
        </ErrorInfo>
      </Output>
    </UnitTestResult>
    <UnitTestResult executionId="a280cdee-cc71-4563-9055-7a60935c0539" testId="11c12d94-8716-4446-9101-238497f9d997" testName="Test_Divide_with_Owner" computerName="CRAZY4" testType="13cdc9d9-ddb5-4fa4-a97d-d965ccfc6d4b" outcome="Failed" testListId="8c84fa94-04c1-424b-9868-57a2d4851a1d" relativeResultsDirectory="a280cdee-cc71-4563-9055-7a60935c0539">
      <Output>
        <ErrorInfo>
          <Message>Failed to set up the execution context to run the test</Message>
        </ErrorInfo>
      </Output>
    </UnitTestResult>
  </Results>
  <TestDefinitions>
    <UnitTest name="Test_Divide_with_Owner" storage="c:\users\deppe\desktop\testguardianrepo\nachtlaufdemo\x64\debug\nachtlaufdemo.tests.dll" id="11c12d94-8716-4446-9101-238497f9d997">
      <Owners>
        <Owner name="Nachtlauf" />
      </Owners>
      <Execution id="a280cdee-cc71-4563-9055-7a60935c0539" />
      <TestMethod codeBase="C:\Users\deppe\Desktop\TestGuardianRepo\NachtlaufDemo\x64\Debug\NachtlaufDemo.Tests.dll" adapterTypeName="executor://cppunittestexecutor/v1" className="NachtlaufDemoTests.NachtlaufDemoTests" name="NachtlaufDemoTests::NachtlaufDemoTests::Test_Divide_with_Owner" />
    </UnitTest>
    <UnitTest name="Test_Multiply_with_Owner" storage="c:\users\deppe\desktop\testguardianrepo\nachtlaufdemo\x64\debug\nachtlaufdemo.tests.dll" id="37f230e3-29c8-6318-b91e-eb49527af5c4">
      <Owners>
        <Owner name="Nachtlauf" />
      </Owners>
      <Execution id="638364f3-7928-48cf-b13e-49acf3781b2c" />
      <TestMethod codeBase="C:\Users\deppe\Desktop\TestGuardianRepo\NachtlaufDemo\x64\Debug\NachtlaufDemo.Tests.dll" adapterTypeName="executor://cppunittestexecutor/v1" className="NachtlaufDemoTests.NachtlaufDemoTests" name="NachtlaufDemoTests::NachtlaufDemoTests::Test_Multiply_with_Owner" />
    </UnitTest>
  </TestDefinitions>
  <TestEntries>
    <TestEntry testId="37f230e3-29c8-6318-b91e-eb49527af5c4" executionId="638364f3-7928-48cf-b13e-49acf3781b2c" testListId="8c84fa94-04c1-424b-9868-57a2d4851a1d" />
    <TestEntry testId="11c12d94-8716-4446-9101-238497f9d997" executionId="a280cdee-cc71-4563-9055-7a60935c0539" testListId="8c84fa94-04c1-424b-9868-57a2d4851a1d" />
  </TestEntries>
  <TestLists>
    <TestList name="Ergebnisse nicht in einer Liste" id="8c84fa94-04c1-424b-9868-57a2d4851a1d" />
    <TestList name="Alle geladenen Ergebnisse" id="19431567-8539-422a-85d7-44ee4e166bda" />
  </TestLists>
  <ResultSummary outcome="Failed">
    <Counters total="2" executed="2" passed="0" failed="2" error="0" timeout="0" aborted="0" inconclusive="0" passedButRunAborted="0" notRunnable="0" notExecuted="0" disconnected="0" warning="0" completed="0" inProgress="0" pending="0" />
  </ResultSummary>
</TestRun>