<?xml version="1.0" encoding="utf-8"?>
<TestRun id="f9afe01b-9407-468c-894c-bba77d58a47b" name="deppe@CRAZY4 2026-09-19 18:06:15" runUser="CRAZY4\deppe" xmlns="http://microsoft.com/schemas/VisualStudio/TeamTest/2010">
  <Times creation="2026-09-19T18:06:15.7040038+02:00" queuing="2026-09-19T18:06:15.7040038+02:00" start="2026-09-19T18:06:15.4448887+02:00" finish="2026-09-19T18:06:15.7280037+02:00" />
  <TestSettings name="default" id="2ffe6a81-59db-40de-bf97-c1220cf6f390">
    <Deployment runDeploymentRoot="deppe_CRAZY4_2026-09-19_18_06_15" />
  </TestSettings>
  <Results>
    <UnitTestResult executionId="deb50046-d94e-4cbc-b062-fa66619a3eec" testId="2b7db7b3-341a-5a99-b3f8-d820afe187d7" testName="Test_Add_without_Owner" computerName="CRAZY4" testType="13cdc9d9-ddb5-4fa4-a97d-d965ccfc6d4b" outcome="Failed" testListId="8c84fa94-04c1-424b-9868-57a2d4851a1d" relativeResultsDirectory="deb50046-d94e-4cbc-b062-fa66619a3eec">
      <Output>
        <ErrorInfo>
          <Message>Failed to set up the execution context to run the test</Message>
        </ErrorInfo>
      </Output>
    </UnitTestResult>
    <UnitTestResult executionId="293cc2d2-8658-40d8-8190-c9b2ba959da7" testId="0effd61c-4105-9682-55b2-786fd7828774" testName="Test_Multiply_without_Owner" computerName="CRAZY4" testType="13cdc9d9-ddb5-4fa4-a97d-d965ccfc6d4b" outcome="Failed" testListId="8c84fa94-04c1-424b-9868-57a2d4851a1d" relativeResultsDirectory="293cc2d2-8658-40d8-8190-c9b2ba959da7">
      <Output>
        <ErrorInfo>
          <Message>Failed to set up the execution context to run the test</Message>
        </ErrorInfo>
      </Output>
    </UnitTestResult>
    <UnitTestResult executionId="46a99218-3f1c-4ba3-8832-bbbcb06b6694" testId="37f230e3-29c8-6318-b91e-eb49527af5c4" testName="Test_Multiply_with_Owner" computerName="CRAZY4" testType="13cdc9d9-ddb5-4fa4-a97d-d965ccfc6d4b" outcome="Failed" testListId="8c84fa94-04c1-424b-9868-57a2d4851a1d" relativeResultsDirectory="46a99218-3f1c-4ba3-8832-bbbcb06b6694">
      <Output>
        <ErrorInfo>
          <Message>Failed to set up the execution context to run the test</Message>
        </ErrorInfo>
      </Output>
    </UnitTestResult>
    <UnitTestResult executionId="63312f73-ab33-4705-9da2-32140584b258" testId="11c12d94-8716-4446-9101-238497f9d997" testName="Test_Divide_with_Owner" computerName="CRAZY4" testType="13cdc9d9-ddb5-4fa4-a97d-d965ccfc6d4b" outcome="Failed" testListId="8c84fa94-04c1-424b-9868-57a2d4851a1d" relativeResultsDirectory="63312f73-ab33-4705-9da2-32140584b258">
      <Output>
        <ErrorInfo>
          <Message>Failed to set up the execution context to run the test</Message>
        </ErrorInfo>
      </Output>
    </UnitTestResult>
    <UnitTestResult executionId="5907b830-d2be-4b07-a3b9-75c671b6be4c" testId="9374d704-2f4b-12aa-3245-c6a0e5bb2dfb" testName="Test_Subtract_without_Owner" computerName="CRAZY4" testType="13cdc9d9-ddb5-4fa4-a97d-d965ccfc6d4b" outcome="Failed" testListId="8c84fa94-04c1-424b-9868-57a2d4851a1d" relativeResultsDirectory="5907b830-d2be-4b07-a3b9-75c671b6be4c">
      <Output>
        <ErrorInfo>
          <Message>Failed to set up the execution context to run the test</Message>
        </ErrorInfo>
      </Output>
    </UnitTestResult>
  </Results>
  <TestDefinitions>
    <UnitTest name="Test_Divide_with_Owner" storage="c:\users\deppe\desktop\testguardianrepo\nachtlaufdemo\x64\debug\nachtlaufdemo.tests.dll" id="11c12d94-8716-4446-9101-238497f9d997">
      <Owners>
        <Owner name="Nachtlauf" />
      </Owners>
      <Execution id="63312f73-ab33-4705-9da2-32140584b258" />
      <TestMethod codeBase="C:\Users\deppe\Desktop\TestGuardianRepo\NachtlaufDemo\x64\Debug\NachtlaufDemo.Tests.dll" adapterTypeName="executor://cppunittestexecutor/v1" className="NachtlaufDemoTests.NachtlaufDemoTests" name="NachtlaufDemoTests::NachtlaufDemoTests::Test_Divide_with_Owner" />
    </UnitTest>
    <UnitTest name="Test_Multiply_with_Owner" storage="c:\users\deppe\desktop\testguardianrepo\nachtlaufdemo\x64\debug\nachtlaufdemo.tests.dll" id="37f230e3-29c8-6318-b91e-eb49527af5c4">
      <Owners>
        <Owner name="Nachtlauf" />
      </Owners>
      <Execution id="46a99218-3f1c-4ba3-8832-bbbcb06b6694" />
      <TestMethod codeBase="C:\Users\deppe\Desktop\TestGuardianRepo\NachtlaufDemo\x64\Debug\NachtlaufDemo.Tests.dll" adapterTypeName="executor://cppunittestexecutor/v1" className="NachtlaufDemoTests.NachtlaufDemoTests" name="NachtlaufDemoTests::NachtlaufDemoTests::Test_Multiply_with_Owner" />
    </UnitTest>
    <UnitTest name="Test_Multiply_without_Owner" storage="c:\users\deppe\desktop\testguardianrepo\nachtlaufdemo\x64\debug\nachtlaufdemo.tests.dll" id="0effd61c-4105-9682-55b2-786fd7828774">
      <Execution id="293cc2d2-8658-40d8-8190-c9b2ba959da7" />
      <TestMethod codeBase="C:\Users\deppe\Desktop\TestGuardianRepo\NachtlaufDemo\x64\Debug\NachtlaufDemo.Tests.dll" adapterTypeName="executor://cppunittestexecutor/v1" className="NachtlaufDemoTests.NachtlaufDemoTests" name="NachtlaufDemoTests::NachtlaufDemoTests::Test_Multiply_without_Owner" />
    </UnitTest>
    <UnitTest name="Test_Subtract_without_Owner" storage="c:\users\deppe\desktop\testguardianrepo\nachtlaufdemo\x64\debug\nachtlaufdemo.tests.dll" id="9374d704-2f4b-12aa-3245-c6a0e5bb2dfb">
      <Execution id="5907b830-d2be-4b07-a3b9-75c671b6be4c" />
      <TestMethod codeBase="C:\Users\deppe\Desktop\TestGuardianRepo\NachtlaufDemo\x64\Debug\NachtlaufDemo.Tests.dll" adapterTypeName="executor://cppunittestexecutor/v1" className="NachtlaufDemoTests.NachtlaufDemoTests" name="NachtlaufDemoTests::NachtlaufDemoTests::Test_Subtract_without_Owner" />
    </UnitTest>
    <UnitTest name="Test_Add_without_Owner" storage="c:\users\deppe\desktop\testguardianrepo\nachtlaufdemo\x64\debug\nachtlaufdemo.tests.dll" id="2b7db7b3-341a-5a99-b3f8-d820afe187d7">
      <Execution id="deb50046-d94e-4cbc-b062-fa66619a3eec" />
      <TestMethod codeBase="C:\Users\deppe\Desktop\TestGuardianRepo\NachtlaufDemo\x64\Debug\NachtlaufDemo.Tests.dll" adapterTypeName="executor://cppunittestexecutor/v1" className="NachtlaufDemoTests.NachtlaufDemoTests" name="NachtlaufDemoTests::NachtlaufDemoTests::Test_Add_without_Owner" />
    </UnitTest>
  </TestDefinitions>
  <TestEntries>
    <TestEntry testId="2b7db7b3-341a-5a99-b3f8-d820afe187d7" executionId="deb50046-d94e-4cbc-b062-fa66619a3eec" testListId="8c84fa94-04c1-424b-9868-57a2d4851a1d" />
    <TestEntry testId="0effd61c-4105-9682-55b2-786fd7828774" executionId="293cc2d2-8658-40d8-8190-c9b2ba959da7" testListId="8c84fa94-04c1-424b-9868-57a2d4851a1d" />
    <TestEntry testId="37f230e3-29c8-6318-b91e-eb49527af5c4" executionId="46a99218-3f1c-4ba3-8832-bbbcb06b6694" testListId="8c84fa94-04c1-424b-9868-57a2d4851a1d" />
    <TestEntry testId="11c12d94-8716-4446-9101-238497f9d997" executionId="63312f73-ab33-4705-9da2-32140584b258" testListId="8c84fa94-04c1-424b-9868-57a2d4851a1d" />
    <TestEntry testId="9374d704-2f4b-12aa-3245-c6a0e5bb2dfb" executionId="5907b830-d2be-4b07-a3b9-75c671b6be4c" testListId="8c84fa94-04c1-424b-9868-57a2d4851a1d" />
  </TestEntries>
  <TestLists>
    <TestList name="Ergebnisse nicht in einer Liste" id="8c84fa94-04c1-424b-9868-57a2d4851a1d" />
    <TestList name="Alle geladenen Ergebnisse" id="19431567-8539-422a-85d7-44ee4e166bda" />
  </TestLists>
  <ResultSummary outcome="Failed">
    <Counters total="5" executed="5" passed="0" failed="5" error="0" timeout="0" aborted="0" inconclusive="0" passedButRunAborted="0" notRunnable="0" notExecuted="0" disconnected="0" warning="0" completed="0" inProgress="0" pending="0" />
  </ResultSummary>
</TestRun>