<?xml version="1.0" encoding="utf-8"?>
<TestRun id="b21ff51a-e9b7-4e93-9cc1-2a90ec3f59fd" name="deppe@CRAZY4 2026-09-19 17:32:35" runUser="CRAZY4\deppe" xmlns="http://microsoft.com/schemas/VisualStudio/TeamTest/2010">
  <Times creation="2026-09-19T17:32:35.6855070+02:00" queuing="2026-09-19T17:32:35.6855070+02:00" start="2026-09-19T17:32:35.4019361+02:00" finish="2026-09-19T17:32:35.7011399+02:00" />
  <TestSettings name="default" id="3d2b2a55-2ebf-4727-839b-14a9ad8fcef0">
    <Deployment runDeploymentRoot="deppe_CRAZY4_2026-09-19_17_32_35" />
  </TestSettings>
  <Results>
    <UnitTestResult executionId="517e8067-d1cb-459b-aa5b-af0a91f10d97" testId="11c12d94-8716-4446-9101-238497f9d997" testName="Test_Divide_with_Owner" computerName="CRAZY4" testType="13cdc9d9-ddb5-4fa4-a97d-d965ccfc6d4b" outcome="Failed" testListId="8c84fa94-04c1-424b-9868-57a2d4851a1d" relativeResultsDirectory="517e8067-d1cb-459b-aa5b-af0a91f10d97">
      <Output>
        <ErrorInfo>
          <Message>Failed to set up the execution context to run the test</Message>
        </ErrorInfo>
      </Output>
    </UnitTestResult>
    <UnitTestResult executionId="f6118d6f-b303-419b-8d3f-bfe1dd151d0c" testId="37f230e3-29c8-6318-b91e-eb49527af5c4" testName="Test_Multiply_with_Owner" computerName="CRAZY4" testType="13cdc9d9-ddb5-4fa4-a97d-d965ccfc6d4b" outcome="Failed" testListId="8c84fa94-04c1-424b-9868-57a2d4851a1d" relativeResultsDirectory="f6118d6f-b303-419b-8d3f-bfe1dd151d0c">
      <Output>
        <ErrorInfo>
          <Message>Failed to set up the execution context to run the test</Message>
        </ErrorInfo>
      </Output>
    </UnitTestResult>
    <UnitTestResult executionId="52604bcc-e030-4fff-851b-5227e74279ee" testId="8c68917b-17a5-72ed-5d45-3b95606776e5" testName="Test_DivideModulo_with_Owner" computerName="CRAZY4" testType="13cdc9d9-ddb5-4fa4-a97d-d965ccfc6d4b" outcome="Failed" testListId="8c84fa94-04c1-424b-9868-57a2d4851a1d" relativeResultsDirectory="52604bcc-e030-4fff-851b-5227e74279ee">
      <Output>
        <ErrorInfo>
          <Message>Failed to set up the execution context to run the test</Message>
        </ErrorInfo>
      </Output>
    </UnitTestResult>
  </Results>
  <TestDefinitions>
    <UnitTest name="Test_DivideModulo_with_Owner" storage="c:\users\deppe\desktop\testguardianrepo\nachtlaufdemo\x64\debug\nachtlaufdemo.tests.dll" id="8c68917b-17a5-72ed-5d45-3b95606776e5">
      <Owners>
        <Owner name="Nachtlauf" />
      </Owners>
      <Execution id="52604bcc-e030-4fff-851b-5227e74279ee" />
      <TestMethod codeBase="C:\Users\deppe\Desktop\TestGuardianRepo\NachtlaufDemo\x64\Debug\NachtlaufDemo.Tests.dll" adapterTypeName="executor://cppunittestexecutor/v1" className="NachtlaufDemoTests.NachtlaufDemoTests" name="NachtlaufDemoTests::NachtlaufDemoTests::Test_DivideModulo_with_Owner" />
    </UnitTest>
    <UnitTest name="Test_Divide_with_Owner" storage="c:\users\deppe\desktop\testguardianrepo\nachtlaufdemo\x64\debug\nachtlaufdemo.tests.dll" id="11c12d94-8716-4446-9101-238497f9d997">
      <Owners>
        <Owner name="Nachtlauf" />
      </Owners>
      <Execution id="517e8067-d1cb-459b-aa5b-af0a91f10d97" />
      <TestMethod codeBase="C:\Users\deppe\Desktop\TestGuardianRepo\NachtlaufDemo\x64\Debug\NachtlaufDemo.Tests.dll" adapterTypeName="executor://cppunittestexecutor/v1" className="NachtlaufDemoTests.NachtlaufDemoTests" name="NachtlaufDemoTests::NachtlaufDemoTests::Test_Divide_with_Owner" />
    </UnitTest>
    <UnitTest name="Test_Multiply_with_Owner" storage="c:\users\deppe\desktop\testguardianrepo\nachtlaufdemo\x64\debug\nachtlaufdemo.tests.dll" id="37f230e3-29c8-6318-b91e-eb49527af5c4">
      <Owners>
        <Owner name="Nachtlauf" />
      </Owners>
      <Execution id="f6118d6f-b303-419b-8d3f-bfe1dd151d0c" />
      <TestMethod codeBase="C:\Users\deppe\Desktop\TestGuardianRepo\NachtlaufDemo\x64\Debug\NachtlaufDemo.Tests.dll" adapterTypeName="executor://cppunittestexecutor/v1" className="NachtlaufDemoTests.NachtlaufDemoTests" name="NachtlaufDemoTests::NachtlaufDemoTests::Test_Multiply_with_Owner" />
    </UnitTest>
  </TestDefinitions>
  <TestEntries>
    <TestEntry testId="11c12d94-8716-4446-9101-238497f9d997" executionId="517e8067-d1cb-459b-aa5b-af0a91f10d97" testListId="8c84fa94-04c1-424b-9868-57a2d4851a1d" />
    <TestEntry testId="37f230e3-29c8-6318-b91e-eb49527af5c4" executionId="f6118d6f-b303-419b-8d3f-bfe1dd151d0c" testListId="8c84fa94-04c1-424b-9868-57a2d4851a1d" />
    <TestEntry testId="8c68917b-17a5-72ed-5d45-3b95606776e5" executionId="52604bcc-e030-4fff-851b-5227e74279ee" testListId="8c84fa94-04c1-424b-9868-57a2d4851a1d" />
  </TestEntries>
  <TestLists>
    <TestList name="Ergebnisse nicht in einer Liste" id="8c84fa94-04c1-424b-9868-57a2d4851a1d" />
    <TestList name="Alle geladenen Ergebnisse" id="19431567-8539-422a-85d7-44ee4e166bda" />
  </TestLists>
  <ResultSummary outcome="Failed">
    <Counters total="3" executed="3" passed="0" failed="3" error="0" timeout="0" aborted="0" inconclusive="0" passedButRunAborted="0" notRunnable="0" notExecuted="0" disconnected="0" warning="0" completed="0" inProgress="0" pending="0" />
  </ResultSummary>
</TestRun>