<?xml version="1.0" encoding="utf-8"?>
<TestRun id="33136995-c472-4dcd-bd41-e776b6fd9edb" name="deppe@CRAZY4 2026-09-19 17:59:41" runUser="CRAZY4\deppe" xmlns="http://microsoft.com/schemas/VisualStudio/TeamTest/2010">
  <Times creation="2026-09-19T17:59:41.3357623+02:00" queuing="2026-09-19T17:59:41.3357623+02:00" start="2026-09-19T17:59:41.0696029+02:00" finish="2026-09-19T17:59:41.3514076+02:00" />
  <TestSettings name="default" id="b2bd3d36-74c1-4912-8c85-c78d93abbf97">
    <Deployment runDeploymentRoot="deppe_CRAZY4_2026-09-19_17_59_41" />
  </TestSettings>
  <TestLists>
    <TestList name="Ergebnisse nicht in einer Liste" id="8c84fa94-04c1-424b-9868-57a2d4851a1d" />
    <TestList name="Alle geladenen Ergebnisse" id="19431567-8539-422a-85d7-44ee4e166bda" />
  </TestLists>
  <ResultSummary outcome="Completed">
    <Counters total="0" executed="0" passed="0" failed="0" error="0" timeout="0" aborted="0" inconclusive="0" passedButRunAborted="0" notRunnable="0" notExecuted="0" disconnected="0" warning="0" completed="0" inProgress="0" pending="0" />
    <RunInfos>
      <RunInfo computerName="CRAZY4" outcome="Warning" timestamp="2026-09-19T17:59:41.3357623+02:00">
        <Text>Kein Test entspricht dem angegebenen Testfallfilter "Owner=NonExistent" in "C:\Users\deppe\Desktop\TestGuardianRepo\NachtlaufDemo\x64\Debug\NachtlaufDemo.Tests.dll".</Text>
      </RunInfo>
    </RunInfos>
  </ResultSummary>
</TestRun>